Build started 4/13/2013 10:02:24 AM.
Project "F:\source\impressionist.vcxproj" on node 2 (build target(s)).
InitializeBuildStatus:
  Creating "Debug\impressionist.unsuccessfulbuild" because "AlwaysCreate" was specified.
ClCompile:
  C:\Program Files\Microsoft Visual Studio 10.0\VC\bin\CL.exe /c /I"C:\Program Files\fltk-1.1.10" /I"C:\Program Files\fltk-1.1.10\png" /I"C:\Program Files\fltk-1.1.10\zlib" /I"C:\Program Files\fltk-1.1.10\jpeg" /I"F:\source\\file dialog" /ZI /nologo /W3 /WX- /Od /Oy- /D WIN32 /D _DEBUG /D _WINDOWS /D FLTK1 /D _VC80_UPGRADE=0x0710 /D _MBCS /Gm- /EHsc /RTC1 /MDd /GS /fp:precise /Zc:wchar_t /Zc:forScope /Fo"Debug\\" /Fd"Debug\vc100.pdb" /FR"Debug\\" /Gd /TP /wd4996 /analyze- /errorReport:prompt lineBrush.cpp
  lineBrush.cpp
ManifestResourceCompile:
  All outputs are up-to-date.
Link:
  C:\Program Files\Microsoft Visual Studio 10.0\VC\bin\link.exe /ERRORREPORT:PROMPT /OUT:"Debug\impressionist.exe" /INCREMENTAL /NOLOGO /LIBPATH:"C:\Program Files\fltk-1.1.10\lib" fltkd.lib fltkgld.lib fltkzd.lib fltkpngd.lib fltkjpegd.lib Comctl32.lib wsock32.lib opengl32.lib glu32.lib odbc32.lib odbccp32.lib kernel32.lib user32.lib gdi32.lib winspool.lib comdlg32.lib advapi32.lib shell32.lib ole32.lib oleaut32.lib uuid.lib odbc32.lib odbccp32.lib /NODEFAULTLIB:libcmtd.lib /MANIFEST /ManifestFile:"Debug\impressionist.exe.intermediate.manifest" /MANIFESTUAC:"level='asInvoker' uiAccess='false'" /DEBUG /PDB:"Debug\impressionist.pdb" /SUBSYSTEM:WINDOWS /TLBID:1 /DYNAMICBASE:NO /IMPLIB:"Debug\impressionist.lib" /MACHINE:X86 Debug\impressionist.exe.embed.manifest.res
  Debug\Fl_Native_File_Chooser.obj
  Debug\FltDesignUI.obj
  Debug\imageio.obj
  Debug\impBrush.obj
  Debug\impressionist.obj
  Debug\impressionistDoc.obj
  Debug\impressionistUI.obj
  Debug\lineBrush.obj
  Debug\originalView.obj
  Debug\paintView.obj
  Debug\pointBrush.obj /MACHINE:I386 
Manifest:
  C:\Program Files\Microsoft SDKs\Windows\v7.0A\bin\mt.exe /nologo /verbose /out:"Debug\impressionist.exe.embed.manifest" /manifest Debug\impressionist.exe.intermediate.manifest
  All outputs are up-to-date.
LinkEmbedManifest:
  All outputs are up-to-date.
  impressionist.vcxproj -> F:\source\Debug\impressionist.exe
BscMake:
  All outputs are up-to-date.
FinalizeBuildStatus:
  Deleting file "Debug\impressionist.unsuccessfulbuild".
  Touching "Debug\impressionist.lastbuildstate".
Done Building Project "F:\source\impressionist.vcxproj" (build target(s)).

Build succeeded.

Time Elapsed 00:00:04.79
